#-----------------------------------------------------------
# Vivado v2018.2 (64-bit)
# SW Build 2258646 on Thu Jun 14 20:03:12 MDT 2018
# IP Build 2256618 on Thu Jun 14 22:10:49 MDT 2018
# Start of session at: Thu Jan 17 12:33:49 2019
# Process ID: 3108
# Current directory: C:/Users/sed/Desktop/project_1
# Command line: vivado.exe -gui_launcher_event rodinguilauncherevent4184 C:\Users\sed\Desktop\project_1\project_1.xpr
# Log file: C:/Users/sed/Desktop/project_1/vivado.log
# Journal file: C:/Users/sed/Desktop/project_1\vivado.jou
#-----------------------------------------------------------
start_guioopen_project C:/Users/sed/Desktop/project_1/project_1.xprIINFO: [Project 1-313] Project file moved from 'C:/Users/frgze_000/Desktop/Loading-Belt-VHDL-state-4/project_1' since last save.CRITICAL WARNING: [Project 1-311] Could not find the file 'C:/Users/sed/Desktop/CONSTRAINT/Nexys-4-DDR-Master.xdc', nor could it be found using path 'C:/Users/frgze_000/Desktop/Loading-Belt-VHDL-state-4/CONSTRAINT/Nexys-4-DDR-Master.xdc'.
Scanning sources...
Finished scanning sources
IINFO: [IP_Flow 19-234] Refreshing IP repositoriesIINFO: [IP_Flow 19-1704] No user IP repositories specifiedINFO: [IP_Flow 19-2313] Loaded Vivado IP repository 'C:/Xilinx/Vivado/2018.2/data/ip'.
open_project: Time (s): cpu = 00:00:11 ; elapsed = 00:00:12 . Memory (MB): peak = 763.961 ; gain = 95.551
uupdate_compile_order -fileset sources_1exit
INFO: [Common 17-206] Exiting Vivado at Thu Jan 17 13:05:40 2019...
ONSTRAINT/Nexys-4-DDR-Master.xdc -to_files C:/Users/sed/Desktop/CONSTRAINT/Nexys-4-DDR-Master.xdc -filesets [get_filesets *]
INFO: [filemgmt 20-762] Replacing file 'C:/Users/sed/Desktop/CONSTRAINT/Nexys-4-DDR-Master.xdc' with file 'C:/Users/sed/Desktop/Loading-Belt-VHDL-master/CONSTRAINT/Nexys-4-DDR-Master.xdc'.
launch_simulation
INFO: [Vivado 12-5682] Launching behavioral simulation in 'C:/Users/sed/Desktop/project_1/project_1.sim/sim_1/behav/xsim'
INFO: [SIM-utils-51] Simulation object is 'sim_1'
INFO: [SIM-utils-54] Inspecting design source files for 'loadingBelt_tb' in fileset 'sim_1'...
INFO: [USF-XSim-97] Finding global include files...
INFO: [USF-XSim-98] Fetching design files from 'sim_1'...
INFO: [USF-XSim-2] XSim::Compile design
INFO: [USF-XSim-61] Executing 'COMPILE and ANALYZE' step in 'C:/Users/sed/Desktop/project_1/project_1.sim/sim_1/behav/xsim'
"xvhdl --incr --relax -prj loadingBelt_tb_vhdl.prj"
INFO: [VRFC 10-163] Analyzing VHDL file "C:/Users/sed/Desktop/project_1/project_1.srcs/sources_1/new/loadingBelt.vhd" into library xil_defaultlib
INFO: [VRFC 10-307] analyzing entity loadingBelt
INFO: [VRFC 10-163] Analyzing VHDL file "C:/Users/sed/Desktop/project_1/project_1.srcs/sim_1/new/loadingBelt_tb.vhd" into library xil_defaultlib
INFO: [VRFC 10-307] analyzing entity loadingBelt_tb
INFO: [USF-XSim-69] 'compile' step finished in '3' seconds
INFO: [USF-XSim-3] XSim::Elaborate design
INFO: [USF-XSim-61] Executing 'ELABORATE' step in 'C:/Users/sed/Desktop/project_1/project_1.sim/sim_1/behav/xsim'
Vivado Simulator 2018.2
Copyright 1986-1999, 2001-2018 Xilinx, Inc. All Rights Reserved.
Running: C:/Xilinx/Vivado/2018.2/bin/unwrapped/win64.o/xelab.exe -wto cbb12505ba3b4fd687af7bba96ae50a9 --incr --debug typical --relax --mt 2 -L xil_defaultlib -L secureip --snapshot loadingBelt_tb_behav xil_defaultlib.loadingBelt_tb -log elaborate.log 
Using 2 slave threads.
Starting static elaboration
ERROR: [VRFC 10-2665] formal generic clockfrequency has no actual or default value [C:/Users/sed/Desktop/project_1/project_1.srcs/sources_1/new/loadingBelt.vhd:7]
ERROR: [XSIM 43-3321] Static elaboration of top level VHDL design unit loadingbelt_tb in library work failed.
INFO: [USF-XSim-69] 'elaborate' step finished in '3' seconds
INFO: [USF-XSim-99] Step results log file:'C:/Users/sed/Desktop/project_1/project_1.sim/sim_1/behav/xsim/elaborate.log'
ERROR: [USF-XSim-62] 'elaborate' step failed with error(s). Please check the Tcl console output or 'C:/Users/sed/Desktop/project_1/project_1.sim/sim_1/behav/xsim/elaborate.log' file for more information.
ERROR: [Vivado 12-4473] Detected error while running simulation. Please correct the issue and retry this operation.
launch_simulation: Time (s): cpu = 00:00:01 ; elapsed = 00:00:07 . Memory (MB): peak = 783.215 ; gain = 0.000
ERROR: [Common 17-39] 'launch_simulation' failed due to earlier errors.
launch_simulation
INFO: [Vivado 12-5682] Launching behavioral simulation in 'C:/Users/sed/Desktop/project_1/project_1.sim/sim_1/behav/xsim'
INFO: [SIM-utils-51] Simulation object is 'sim_1'
INFO: [SIM-utils-54] Inspecting design source files for 'loadingBelt_tb' in fileset 'sim_1'...
INFO: [USF-XSim-97] Finding global include files...
INFO: [USF-XSim-98] Fetching design files from 'sim_1'...
INFO: [USF-XSim-2] XSim::Compile design
INFO: [USF-XSim-61] Executing 'COMPILE and ANALYZE' step in 'C:/Users/sed/Desktop/project_1/project_1.sim/sim_1/behav/xsim'
"xvhdl --incr --relax -prj loadingBelt_tb_vhdl.prj"
INFO: [USF-XSim-69] 'compile' step finished in '1' seconds
INFO: [USF-XSim-3] XSim::Elaborate design
INFO: [USF-XSim-61] Executing 'ELABORATE' step in 'C:/Users/sed/Desktop/project_1/project_1.sim/sim_1/behav/xsim'
Vivado Simulator 2018.2
Copyright 1986-1999, 2001-2018 Xilinx, Inc. All Rights Reserved.
Running: C:/Xilinx/Vivado/2018.2/bin/unwrapped/win64.o/xelab.exe -wto cbb12505ba3b4fd687af7bba96ae50a9 --incr --debug typical --relax --mt 2 -L xil_defaultlib -L secureip --snapshot loadingBelt_tb_behav xil_defaultlib.loadingBelt_tb -log elaborate.log 
Using 2 slave threads.
Starting static elaboration
ERROR: [VRFC 10-2665] formal generic clockfrequency has no actual or default value [C:/Users/sed/Desktop/project_1/project_1.srcs/sources_1/new/loadingBelt.vhd:7]
ERROR: [XSIM 43-3321] Static elaboration of top level VHDL design unit loadingbelt_tb in library work failed.
INFO: [USF-XSim-69] 'elaborate' step finished in '1' seconds
INFO: [USF-XSim-99] Step results log file:'C:/Users/sed/Desktop/project_1/project_1.sim/sim_1/behav/xsim/elaborate.log'
ERROR: [USF-XSim-62] 'elaborate' step failed with error(s). Please check the Tcl console output or 'C:/Users/sed/Desktop/project_1/project_1.sim/sim_1/behav/xsim/elaborate.log' file for more information.
ERROR: [Vivado 12-4473] Detected error while running simulation. Please correct the issue and retry this operation.
ERROR: [Common 17-39] 'launch_simulation' failed due to earlier errors.
launch_simulation
INFO: [Vivado 12-5682] Launching behavioral simulation in 'C:/Users/sed/Desktop/project_1/project_1.sim/sim_1/behav/xsim'
INFO: [SIM-utils-51] Simulation object is 'sim_1'
INFO: [SIM-utils-54] Inspecting design source files for 'loadingBelt_tb' in fileset 'sim_1'...
INFO: [USF-XSim-97] Finding global include files...
INFO: [USF-XSim-98] Fetching design files from 'sim_1'...
INFO: [USF-XSim-2] XSim::Compile design
INFO: [USF-XSim-61] Executing 'COMPILE and ANALYZE' step in 'C:/Users/sed/Desktop/project_1/project_1.sim/sim_1/behav/xsim'
"xvhdl --incr --relax -prj loadingBelt_tb_vhdl.prj"
INFO: [VRFC 10-163] Analyzing VHDL file "C:/Users/sed/Desktop/project_1/project_1.srcs/sources_1/new/loadingBelt.vhd" into library xil_defaultlib
INFO: [VRFC 10-307] analyzing entity loadingBelt
INFO: [USF-XSim-69] 'compile' step finished in '1' seconds
INFO: [USF-XSim-3] XSim::Elaborate design
INFO: [USF-XSim-61] Executing 'ELABORATE' step in 'C:/Users/sed/Desktop/project_1/project_1.sim/sim_1/behav/xsim'
Vivado Simulator 2018.2
Copyright 1986-1999, 2001-2018 Xilinx, Inc. All Rights Reserved.
Running: C:/Xilinx/Vivado/2018.2/bin/unwrapped/win64.o/xelab.exe -wto cbb12505ba3b4fd687af7bba96ae50a9 --incr --debug typical --relax --mt 2 -L xil_defaultlib -L secureip --snapshot loadingBelt_tb_behav xil_defaultlib.loadingBelt_tb -log elaborate.log 
Using 2 slave threads.
Starting static elaboration
Completed static elaboration
Starting simulation data flow analysis
Completed simulation data flow analysis
Time Resolution for simulation is 1ps
Compiling package std.standard
Compiling package std.textio
Compiling package ieee.std_logic_1164
Compiling package ieee.numeric_std
Compiling architecture behavioral of entity xil_defaultlib.loadingBelt [loadingbelt_default]
Compiling architecture behavioral of entity xil_defaultlib.loadingbelt_tb
Built simulation snapshot loadingBelt_tb_behav

****** Webtalk v2018.2 (64-bit)
  **** SW Build 2258646 on Thu Jun 14 20:03:12 MDT 2018
  **** IP Build 2256618 on Thu Jun 14 22:10:49 MDT 2018
    ** Copyright 1986-2018 Xilinx, Inc. All Rights Reserved.

source C:/Users/sed/Desktop/project_1/project_1.sim/sim_1/behav/xsim/xsim.dir/loadingBelt_tb_behav/webtalk/xsim_webtalk.tcl -notrace
INFO: [Common 17-186] 'C:/Users/sed/Desktop/project_1/project_1.sim/sim_1/behav/xsim/xsim.dir/loadingBelt_tb_behav/webtalk/usage_statistics_ext_xsim.xml' has been successfully sent to Xilinx on Thu Jan 17 12:41:11 2019. For additional details about this file, please refer to the WebTalk help file at C:/Xilinx/Vivado/2018.2/doc/webtalk_introduction.html.
INFO: [Common 17-206] Exiting Webtalk at Thu Jan 17 12:41:11 2019...
run_program: Time (s): cpu = 00:00:00 ; elapsed = 00:00:13 . Memory (MB): peak = 793.832 ; gain = 0.000
INFO: [USF-XSim-69] 'elaborate' step finished in '13' seconds
INFO: [USF-XSim-4] XSim::Simulate design
INFO: [USF-XSim-61] Executing 'SIMULATE' step in 'C:/Users/sed/Desktop/project_1/project_1.sim/sim_1/behav/xsim'
INFO: [USF-XSim-98] *** Running xsim
   with args "loadingBelt_tb_behav -key {Behavioral:sim_1:Functional:loadingBelt_tb} -tclbatch {loadingBelt_tb.tcl} -log {simulate.log}"
INFO: [USF-XSim-8] Loading simulator feature
Vivado Simulator 2018.2
Time resolution is 1 ps
source loadingBelt_tb.tcl
# set curr_wave [current_wave_config]
# if { [string length $curr_wave] == 0 } {
#   if { [llength [get_objects]] > 0} {
#     add_wave /
#     set_property needs_save false [current_wave_config]
#   } else {
#      send_msg_id Add_Wave-1 WARNING "No top level signals found. Simulator will start without a wave window. If you want to open a wave window go to 'File->New Waveform Configuration' or type 'create_wave_config' in the TCL console."
#   }
# }
# run 1000ns
INFO: [USF-XSim-96] XSim completed. Design snapshot 'loadingBelt_tb_behav' loaded.
INFO: [USF-XSim-97] XSim simulation ran for 1000ns
launch_simulation: Time (s): cpu = 00:00:04 ; elapsed = 00:00:18 . Memory (MB): peak = 810.012 ; gain = 16.180
synth_design -rtl -name rtl_1
Command: synth_design -rtl -name rtl_1
Starting synth_design
Using part: xc7a100tcsg324-1
Top: loadingBelt
---------------------------------------------------------------------------------
Starting RTL Elaboration : Time (s): cpu = 00:00:02 ; elapsed = 00:00:03 . Memory (MB): peak = 893.242 ; gain = 83.230
---------------------------------------------------------------------------------
INFO: [Synth 8-638] synthesizing module 'loadingBelt' [C:/Users/sed/Desktop/project_1/project_1.srcs/sources_1/new/loadingBelt.vhd:21]
WARNING: [Synth 8-614] signal 'nextstate' is read in the process but is not in the sensitivity list [C:/Users/sed/Desktop/project_1/project_1.srcs/sources_1/new/loadingBelt.vhd:62]
WARNING: [Synth 8-614] signal 'ticks' is read in the process but is not in the sensitivity list [C:/Users/sed/Desktop/project_1/project_1.srcs/sources_1/new/loadingBelt.vhd:62]
INFO: [Synth 8-256] done synthesizing module 'loadingBelt' (1#1) [C:/Users/sed/Desktop/project_1/project_1.srcs/sources_1/new/loadingBelt.vhd:21]
---------------------------------------------------------------------------------
Finished RTL Elaboration : Time (s): cpu = 00:00:03 ; elapsed = 00:00:04 . Memory (MB): peak = 944.191 ; gain = 134.180
---------------------------------------------------------------------------------

Report Check Netlist: 
+------+------------------+-------+---------+-------+------------------+
|      |Item              |Errors |Warnings |Status |Description       |
+------+------------------+-------+---------+-------+------------------+
|1     |multi_driven_nets |      0|        0|Passed |Multi driven nets |
+------+------------------+-------+---------+-------+------------------+
---------------------------------------------------------------------------------
Start Handling Custom Attributes
---------------------------------------------------------------------------------
---------------------------------------------------------------------------------
Finished Handling Custom Attributes : Time (s): cpu = 00:00:04 ; elapsed = 00:00:04 . Memory (MB): peak = 944.191 ; gain = 134.180
---------------------------------------------------------------------------------
---------------------------------------------------------------------------------
Finished RTL Optimization Phase 1 : Time (s): cpu = 00:00:04 ; elapsed = 00:00:04 . Memory (MB): peak = 944.191 ; gain = 134.180
---------------------------------------------------------------------------------
INFO: [Device 21-403] Loading part xc7a100tcsg324-1
INFO: [Project 1-570] Preparing netlist for logic optimization

Processing XDC Constraints
Initializing timing engine
Parsing XDC File [C:/Users/sed/Desktop/Loading-Belt-VHDL-master/CONSTRAINT/Nexys-4-DDR-Master.xdc]
WARNING: [Vivado 12-584] No ports matched 'SW[0]'. [C:/Users/sed/Desktop/Loading-Belt-VHDL-master/CONSTRAINT/Nexys-4-DDR-Master.xdc:13]
CRITICAL WARNING: [Common 17-55] 'set_property' expects at least one object. [C:/Users/sed/Desktop/Loading-Belt-VHDL-master/CONSTRAINT/Nexys-4-DDR-Master.xdc:13]
Resolution: If [get_<value>] was used to populate the object, check to make sure this command returns at least one valid object.
WARNING: [Vivado 12-584] No ports matched 'SW[1]'. [C:/Users/sed/Desktop/Loading-Belt-VHDL-master/CONSTRAINT/Nexys-4-DDR-Master.xdc:14]
CRITICAL WARNING: [Common 17-55] 'set_property' expects at least one object. [C:/Users/sed/Desktop/Loading-Belt-VHDL-master/CONSTRAINT/Nexys-4-DDR-Master.xdc:14]
Resolution: If [get_<value>] was used to populate the object, check to make sure this command returns at least one valid object.
WARNING: [Vivado 12-584] No ports matched 'SW[2]'. [C:/Users/sed/Desktop/Loading-Belt-VHDL-master/CONSTRAINT/Nexys-4-DDR-Master.xdc:15]
CRITICAL WARNING: [Common 17-55] 'set_property' expects at least one object. [C:/Users/sed/Desktop/Loading-Belt-VHDL-master/CONSTRAINT/Nexys-4-DDR-Master.xdc:15]
Resolution: If [get_<value>] was used to populate the object, check to make sure this command returns at least one valid object.
WARNING: [Vivado 12-584] No ports matched 'SW[3]'. [C:/Users/sed/Desktop/Loading-Belt-VHDL-master/CONSTRAINT/Nexys-4-DDR-Master.xdc:16]
CRITICAL WARNING: [Common 17-55] 'set_property' expects at least one object. [C:/Users/sed/Desktop/Loading-Belt-VHDL-master/CONSTRAINT/Nexys-4-DDR-Master.xdc:16]
Resolution: If [get_<value>] was used to populate the object, check to make sure this command returns at least one valid object.
WARNING: [Vivado 12-584] No ports matched 'SW[4]'. [C:/Users/sed/Desktop/Loading-Belt-VHDL-master/CONSTRAINT/Nexys-4-DDR-Master.xdc:17]
CRITICAL WARNING: [Common 17-55] 'set_property' expects at least one object. [C:/Users/sed/Desktop/Loading-Belt-VHDL-master/CONSTRAINT/Nexys-4-DDR-Master.xdc:17]
Resolution: If [get_<value>] was used to populate the object, check to make sure this command returns at least one valid object.
WARNING: [Vivado 12-584] No ports matched 'SW[5]'. [C:/Users/sed/Desktop/Loading-Belt-VHDL-master/CONSTRAINT/Nexys-4-DDR-Master.xdc:18]
CRITICAL WARNING: [Common 17-55] 'set_property' expects at least one object. [C:/Users/sed/Desktop/Loading-Belt-VHDL-master/CONSTRAINT/Nexys-4-DDR-Master.xdc:18]
Resolution: If [get_<value>] was used to populate the object, check to make sure this command returns at least one valid object.
WARNING: [Vivado 12-584] No ports matched 'SW[6]'. [C:/Users/sed/Desktop/Loading-Belt-VHDL-master/CONSTRAINT/Nexys-4-DDR-Master.xdc:19]
CRITICAL WARNING: [Common 17-55] 'set_property' expects at least one object. [C:/Users/sed/Desktop/Loading-Belt-VHDL-master/CONSTRAINT/Nexys-4-DDR-Master.xdc:19]
Resolution: If [get_<value>] was used to populate the object, check to make sure this command returns at least one valid object.
WARNING: [Vivado 12-584] No ports matched 'SW[7]'. [C:/Users/sed/Desktop/Loading-Belt-VHDL-master/CONSTRAINT/Nexys-4-DDR-Master.xdc:20]
CRITICAL WARNING: [Common 17-55] 'set_property' expects at least one object. [C:/Users/sed/Desktop/Loading-Belt-VHDL-master/CONSTRAINT/Nexys-4-DDR-Master.xdc:20]
Resolution: If [get_<value>] was used to populate the object, check to make sure this command returns at least one valid object.
WARNING: [Vivado 12-584] No ports matched 'SW[8]'. [C:/Users/sed/Desktop/Loading-Belt-VHDL-master/CONSTRAINT/Nexys-4-DDR-Master.xdc:21]
CRITICAL WARNING: [Common 17-55] 'set_property' expects at least one object. [C:/Users/sed/Desktop/Loading-Belt-VHDL-master/CONSTRAINT/Nexys-4-DDR-Master.xdc:21]
Resolution: If [get_<value>] was used to populate the object, check to make sure this command returns at least one valid object.
WARNING: [Vivado 12-584] No ports matched 'SW[9]'. [C:/Users/sed/Desktop/Loading-Belt-VHDL-master/CONSTRAINT/Nexys-4-DDR-Master.xdc:22]
CRITICAL WARNING: [Common 17-55] 'set_property' expects at least one object. [C:/Users/sed/Desktop/Loading-Belt-VHDL-master/CONSTRAINT/Nexys-4-DDR-Master.xdc:22]
Resolution: If [get_<value>] was used to populate the object, check to make sure this command returns at least one valid object.
WARNING: [Vivado 12-584] No ports matched 'SW[10]'. [C:/Users/sed/Desktop/Loading-Belt-VHDL-master/CONSTRAINT/Nexys-4-DDR-Master.xdc:23]
CRITICAL WARNING: [Common 17-55] 'set_property' expects at least one object. [C:/Users/sed/Desktop/Loading-Belt-VHDL-master/CONSTRAINT/Nexys-4-DDR-Master.xdc:23]
Resolution: If [get_<value>] was used to populate the object, check to make sure this command returns at least one valid object.
WARNING: [Vivado 12-584] No ports matched 'SW[11]'. [C:/Users/sed/Desktop/Loading-Belt-VHDL-master/CONSTRAINT/Nexys-4-DDR-Master.xdc:24]
CRITICAL WARNING: [Common 17-55] 'set_property' expects at least one object. [C:/Users/sed/Desktop/Loading-Belt-VHDL-master/CONSTRAINT/Nexys-4-DDR-Master.xdc:24]
Resolution: If [get_<value>] was used to populate the object, check to make sure this command returns at least one valid object.
WARNING: [Vivado 12-584] No ports matched 'SW[12]'. [C:/Users/sed/Desktop/Loading-Belt-VHDL-master/CONSTRAINT/Nexys-4-DDR-Master.xdc:25]
CRITICAL WARNING: [Common 17-55] 'set_property' expects at least one object. [C:/Users/sed/Desktop/Loading-Belt-VHDL-master/CONSTRAINT/Nexys-4-DDR-Master.xdc:25]
Resolution: If [get_<value>] was used to populate the object, check to make sure this command returns at least one valid object.
WARNING: [Vivado 12-584] No ports matched 'SW[13]'. [C:/Users/sed/Desktop/Loading-Belt-VHDL-master/CONSTRAINT/Nexys-4-DDR-Master.xdc:26]
CRITICAL WARNING: [Common 17-55] 'set_property' expects at least one object. [C:/Users/sed/Desktop/Loading-Belt-VHDL-master/CONSTRAINT/Nexys-4-DDR-Master.xdc:26]
Resolution: If [get_<value>] was used to populate the object, check to make sure this command returns at least one valid object.
WARNING: [Vivado 12-584] No ports matched 'SW[14]'. [C:/Users/sed/Desktop/Loading-Belt-VHDL-master/CONSTRAINT/Nexys-4-DDR-Master.xdc:27]
CRITICAL WARNING: [Common 17-55] 'set_property' expects at least one object. [C:/Users/sed/Desktop/Loading-Belt-VHDL-master/CONSTRAINT/Nexys-4-DDR-Master.xdc:27]
Resolution: If [get_<value>] was used to populate the object, check to make sure this command returns at least one valid object.
WARNING: [Vivado 12-584] No ports matched 'SW[15]'. [C:/Users/sed/Desktop/Loading-Belt-VHDL-master/CONSTRAINT/Nexys-4-DDR-Master.xdc:28]
CRITICAL WARNING: [Common 17-55] 'set_property' expects at least one object. [C:/Users/sed/Desktop/Loading-Belt-VHDL-master/CONSTRAINT/Nexys-4-DDR-Master.xdc:28]
Resolution: If [get_<value>] was used to populate the object, check to make sure this command returns at least one valid object.
WARNING: [Vivado 12-584] No ports matched 'LED[0]'. [C:/Users/sed/Desktop/Loading-Belt-VHDL-master/CONSTRAINT/Nexys-4-DDR-Master.xdc:33]
CRITICAL WARNING: [Common 17-55] 'set_property' expects at least one object. [C:/Users/sed/Desktop/Loading-Belt-VHDL-master/CONSTRAINT/Nexys-4-DDR-Master.xdc:33]
Resolution: If [get_<value>] was used to populate the object, check to make sure this command returns at least one valid object.
WARNING: [Vivado 12-584] No ports matched 'LED[1]'. [C:/Users/sed/Desktop/Loading-Belt-VHDL-master/CONSTRAINT/Nexys-4-DDR-Master.xdc:34]
CRITICAL WARNING: [Common 17-55] 'set_property' expects at least one object. [C:/Users/sed/Desktop/Loading-Belt-VHDL-master/CONSTRAINT/Nexys-4-DDR-Master.xdc:34]
Resolution: If [get_<value>] was used to populate the object, check to make sure this command returns at least one valid object.
WARNING: [Vivado 12-584] No ports matched 'LED[2]'. [C:/Users/sed/Desktop/Loading-Belt-VHDL-master/CONSTRAINT/Nexys-4-DDR-Master.xdc:35]
CRITICAL WARNING: [Common 17-55] 'set_property' expects at least one object. [C:/Users/sed/Desktop/Loading-Belt-VHDL-master/CONSTRAINT/Nexys-4-DDR-Master.xdc:35]
Resolution: If [get_<value>] was used to populate the object, check to make sure this command returns at least one valid object.
WARNING: [Vivado 12-584] No ports matched 'LED[3]'. [C:/Users/sed/Desktop/Loading-Belt-VHDL-master/CONSTRAINT/Nexys-4-DDR-Master.xdc:36]
CRITICAL WARNING: [Common 17-55] 'set_property' expects at least one object. [C:/Users/sed/Desktop/Loading-Belt-VHDL-master/CONSTRAINT/Nexys-4-DDR-Master.xdc:36]
Resolution: If [get_<value>] was used to populate the object, check to make sure this command returns at least one valid object.
WARNING: [Vivado 12-584] No ports matched 'LED[4]'. [C:/Users/sed/Desktop/Loading-Belt-VHDL-master/CONSTRAINT/Nexys-4-DDR-Master.xdc:37]
CRITICAL WARNING: [Common 17-55] 'set_property' expects at least one object. [C:/Users/sed/Desktop/Loading-Belt-VHDL-master/CONSTRAINT/Nexys-4-DDR-Master.xdc:37]
Resolution: If [get_<value>] was used to populate the object, check to make sure this command returns at least one valid object.
WARNING: [Vivado 12-584] No ports matched 'LED[5]'. [C:/Users/sed/Desktop/Loading-Belt-VHDL-master/CONSTRAINT/Nexys-4-DDR-Master.xdc:38]
CRITICAL WARNING: [Common 17-55] 'set_property' expects at least one object. [C:/Users/sed/Desktop/Loading-Belt-VHDL-master/CONSTRAINT/Nexys-4-DDR-Master.xdc:38]
Resolution: If [get_<value>] was used to populate the object, check to make sure this command returns at least one valid object.
WARNING: [Vivado 12-584] No ports matched 'LED[6]'. [C:/Users/sed/Desktop/Loading-Belt-VHDL-master/CONSTRAINT/Nexys-4-DDR-Master.xdc:39]
CRITICAL WARNING: [Common 17-55] 'set_property' expects at least one object. [C:/Users/sed/Desktop/Loading-Belt-VHDL-master/CONSTRAINT/Nexys-4-DDR-Master.xdc:39]
Resolution: If [get_<value>] was used to populate the object, check to make sure this command returns at least one valid object.
WARNING: [Vivado 12-584] No ports matched 'LED[7]'. [C:/Users/sed/Desktop/Loading-Belt-VHDL-master/CONSTRAINT/Nexys-4-DDR-Master.xdc:40]
CRITICAL WARNING: [Common 17-55] 'set_property' expects at least one object. [C:/Users/sed/Desktop/Loading-Belt-VHDL-master/CONSTRAINT/Nexys-4-DDR-Master.xdc:40]
Resolution: If [get_<value>] was used to populate the object, check to make sure this command returns at least one valid object.
WARNING: [Vivado 12-584] No ports matched 'LED[8]'. [C:/Users/sed/Desktop/Loading-Belt-VHDL-master/CONSTRAINT/Nexys-4-DDR-Master.xdc:41]
CRITICAL WARNING: [Common 17-55] 'set_property' expects at least one object. [C:/Users/sed/Desktop/Loading-Belt-VHDL-master/CONSTRAINT/Nexys-4-DDR-Master.xdc:41]
Resolution: If [get_<value>] was used to populate the object, check to make sure this command returns at least one valid object.
WARNING: [Vivado 12-584] No ports matched 'LED[9]'. [C:/Users/sed/Desktop/Loading-Belt-VHDL-master/CONSTRAINT/Nexys-4-DDR-Master.xdc:42]
CRITICAL WARNING: [Common 17-55] 'set_property' expects at least one object. [C:/Users/sed/Desktop/Loading-Belt-VHDL-master/CONSTRAINT/Nexys-4-DDR-Master.xdc:42]
Resolution: If [get_<value>] was used to populate the object, check to make sure this command returns at least one valid object.
WARNING: [Vivado 12-584] No ports matched 'LED[10]'. [C:/Users/sed/Desktop/Loading-Belt-VHDL-master/CONSTRAINT/Nexys-4-DDR-Master.xdc:43]
CRITICAL WARNING: [Common 17-55] 'set_property' expects at least one object. [C:/Users/sed/Desktop/Loading-Belt-VHDL-master/CONSTRAINT/Nexys-4-DDR-Master.xdc:43]
Resolution: If [get_<value>] was used to populate the object, check to make sure this command returns at least one valid object.
WARNING: [Vivado 12-584] No ports matched 'LED[11]'. [C:/Users/sed/Desktop/Loading-Belt-VHDL-master/CONSTRAINT/Nexys-4-DDR-Master.xdc:44]
CRITICAL WARNING: [Common 17-55] 'set_property' expects at least one object. [C:/Users/sed/Desktop/Loading-Belt-VHDL-master/CONSTRAINT/Nexys-4-DDR-Master.xdc:44]
Resolution: If [get_<value>] was used to populate the object, check to make sure this command returns at least one valid object.
WARNING: [Vivado 12-584] No ports matched 'LED[12]'. [C:/Users/sed/Desktop/Loading-Belt-VHDL-master/CONSTRAINT/Nexys-4-DDR-Master.xdc:45]
CRITICAL WARNING: [Common 17-55] 'set_property' expects at least one object. [C:/Users/sed/Desktop/Loading-Belt-VHDL-master/CONSTRAINT/Nexys-4-DDR-Master.xdc:45]
Resolution: If [get_<value>] was used to populate the object, check to make sure this command returns at least one valid object.
WARNING: [Vivado 12-584] No ports matched 'LED[13]'. [C:/Users/sed/Desktop/Loading-Belt-VHDL-master/CONSTRAINT/Nexys-4-DDR-Master.xdc:46]
CRITICAL WARNING: [Common 17-55] 'set_property' expects at least one object. [C:/Users/sed/Desktop/Loading-Belt-VHDL-master/CONSTRAINT/Nexys-4-DDR-Master.xdc:46]
Resolution: If [get_<value>] was used to populate the object, check to make sure this command returns at least one valid object.
WARNING: [Vivado 12-584] No ports matched 'LED[14]'. [C:/Users/sed/Desktop/Loading-Belt-VHDL-master/CONSTRAINT/Nexys-4-DDR-Master.xdc:47]
CRITICAL WARNING: [Common 17-55] 'set_property' expects at least one object. [C:/Users/sed/Desktop/Loading-Belt-VHDL-master/CONSTRAINT/Nexys-4-DDR-Master.xdc:47]
Resolution: If [get_<value>] was used to populate the object, check to make sure this command returns at least one valid object.
WARNING: [Vivado 12-584] No ports matched 'LED[15]'. [C:/Users/sed/Desktop/Loading-Belt-VHDL-master/CONSTRAINT/Nexys-4-DDR-Master.xdc:48]
CRITICAL WARNING: [Common 17-55] 'set_property' expects at least one object. [C:/Users/sed/Desktop/Loading-Belt-VHDL-master/CONSTRAINT/Nexys-4-DDR-Master.xdc:48]
Resolution: If [get_<value>] was used to populate the object, check to make sure this command returns at least one valid object.
WARNING: [Vivado 12-584] No ports matched 'BTNU'. [C:/Users/sed/Desktop/Loading-Belt-VHDL-master/CONSTRAINT/Nexys-4-DDR-Master.xdc:85]
CRITICAL WARNING: [Common 17-55] 'set_property' expects at least one object. [C:/Users/sed/Desktop/Loading-Belt-VHDL-master/CONSTRAINT/Nexys-4-DDR-Master.xdc:85]
Resolution: If [get_<value>] was used to populate the object, check to make sure this command returns at least one valid object.
Finished Parsing XDC File [C:/Users/sed/Desktop/Loading-Belt-VHDL-master/CONSTRAINT/Nexys-4-DDR-Master.xdc]
Completed Processing XDC Constraints

INFO: [Opt 31-138] Pushed 0 inverter(s) to 0 load pin(s).
INFO: [Project 1-111] Unisim Transformation Summary:
No Unisim elements were transformed.

RTL Elaboration Complete:  : Time (s): cpu = 00:00:18 ; elapsed = 00:00:22 . Memory (MB): peak = 1302.742 ; gain = 492.730
6 Infos, 35 Warnings, 33 Critical Warnings and 0 Errors encountered.
synth_design completed successfully
synth_design: Time (s): cpu = 00:00:18 ; elapsed = 00:00:22 . Memory (MB): peak = 1302.742 ; gain = 492.730
refresh_design
---------------------------------------------------------------------------------
Starting RTL Elaboration : Time (s): cpu = 00:00:02 ; elapsed = 00:00:02 . Memory (MB): peak = 1312.176 ; gain = 0.000
---------------------------------------------------------------------------------
INFO: [Synth 8-638] synthesizing module 'loadingBelt' [C:/Users/sed/Desktop/project_1/project_1.srcs/sources_1/new/loadingBelt.vhd:21]
WARNING: [Synth 8-614] signal 'nextstate' is read in the process but is not in the sensitivity list [C:/Users/sed/Desktop/project_1/project_1.srcs/sources_1/new/loadingBelt.vhd:62]
WARNING: [Synth 8-614] signal 'ticks' is read in the process but is not in the sensitivity list [C:/Users/sed/Desktop/project_1/project_1.srcs/sources_1/new/loadingBelt.vhd:62]
INFO: [Synth 8-256] done synthesizing module 'loadingBelt' (1#1) [C:/Users/sed/Desktop/project_1/project_1.srcs/sources_1/new/loadingBelt.vhd:21]
---------------------------------------------------------------------------------
Finished RTL Elaboration : Time (s): cpu = 00:00:04 ; elapsed = 00:00:03 . Memory (MB): peak = 1329.492 ; gain = 17.316
---------------------------------------------------------------------------------

Report Check Netlist: 
+------+------------------+-------+---------+-------+------------------+
|      |Item              |Errors |Warnings |Status |Description       |
+------+------------------+-------+---------+-------+------------------+
|1     |multi_driven_nets |      0|        0|Passed |Multi driven nets |
+------+------------------+-------+---------+-------+------------------+
---------------------------------------------------------------------------------
Start Handling Custom Attributes
---------------------------------------------------------------------------------
---------------------------------------------------------------------------------
Finished Handling Custom Attributes : Time (s): cpu = 00:00:04 ; elapsed = 00:00:04 . Memory (MB): peak = 1329.492 ; gain = 17.316
---------------------------------------------------------------------------------
---------------------------------------------------------------------------------
Finished RTL Optimization Phase 1 : Time (s): cpu = 00:00:04 ; elapsed = 00:00:04 . Memory (MB): peak = 1329.492 ; gain = 17.316
---------------------------------------------------------------------------------
INFO: [Project 1-570] Preparing netlist for logic optimization

Processing XDC Constraints
Initializing timing engine
Parsing XDC File [C:/Users/sed/Desktop/Loading-Belt-VHDL-master/CONSTRAINT/Nexys-4-DDR-Master.xdc]
WARNING: [Vivado 12-584] No ports matched 'SW[0]'. [C:/Users/sed/Desktop/Loading-Belt-VHDL-master/CONSTRAINT/Nexys-4-DDR-Master.xdc:13]
CRITICAL WARNING: [Common 17-55] 'set_property' expects at least one object. [C:/Users/sed/Desktop/Loading-Belt-VHDL-master/CONSTRAINT/Nexys-4-DDR-Master.xdc:13]
Resolution: If [get_<value>] was used to populate the object, check to make sure this command returns at least one valid object.
WARNING: [Vivado 12-584] No ports matched 'SW[1]'. [C:/Users/sed/Desktop/Loading-Belt-VHDL-master/CONSTRAINT/Nexys-4-DDR-Master.xdc:14]
CRITICAL WARNING: [Common 17-55] 'set_property' expects at least one object. [C:/Users/sed/Desktop/Loading-Belt-VHDL-master/CONSTRAINT/Nexys-4-DDR-Master.xdc:14]
Resolution: If [get_<value>] was used to populate the object, check to make sure this command returns at least one valid object.
WARNING: [Vivado 12-584] No ports matched 'SW[2]'. [C:/Users/sed/Desktop/Loading-Belt-VHDL-master/CONSTRAINT/Nexys-4-DDR-Master.xdc:15]
CRITICAL WARNING: [Common 17-55] 'set_property' expects at least one object. [C:/Users/sed/Desktop/Loading-Belt-VHDL-master/CONSTRAINT/Nexys-4-DDR-Master.xdc:15]
Resolution: If [get_<value>] was used to populate the object, check to make sure this command returns at least one valid object.
WARNING: [Vivado 12-584] No ports matched 'SW[3]'. [C:/Users/sed/Desktop/Loading-Belt-VHDL-master/CONSTRAINT/Nexys-4-DDR-Master.xdc:16]
CRITICAL WARNING: [Common 17-55] 'set_property' expects at least one object. [C:/Users/sed/Desktop/Loading-Belt-VHDL-master/CONSTRAINT/Nexys-4-DDR-Master.xdc:16]
Resolution: If [get_<value>] was used to populate the object, check to make sure this command returns at least one valid object.
WARNING: [Vivado 12-584] No ports matched 'SW[4]'. [C:/Users/sed/Desktop/Loading-Belt-VHDL-master/CONSTRAINT/Nexys-4-DDR-Master.xdc:17]
CRITICAL WARNING: [Common 17-55] 'set_property' expects at least one object. [C:/Users/sed/Desktop/Loading-Belt-VHDL-master/CONSTRAINT/Nexys-4-DDR-Master.xdc:17]
Resolution: If [get_<value>] was used to populate the object, check to make sure this command returns at least one valid object.
WARNING: [Vivado 12-584] No ports matched 'SW[5]'. [C:/Users/sed/Desktop/Loading-Belt-VHDL-master/CONSTRAINT/Nexys-4-DDR-Master.xdc:18]
CRITICAL WARNING: [Common 17-55] 'set_property' expects at least one object. [C:/Users/sed/Desktop/Loading-Belt-VHDL-master/CONSTRAINT/Nexys-4-DDR-Master.xdc:18]
Resolution: If [get_<value>] was used to populate the object, check to make sure this command returns at least one valid object.
WARNING: [Vivado 12-584] No ports matched 'SW[6]'. [C:/Users/sed/Desktop/Loading-Belt-VHDL-master/CONSTRAINT/Nexys-4-DDR-Master.xdc:19]
CRITICAL WARNING: [Common 17-55] 'set_property' expects at least one object. [C:/Users/sed/Desktop/Loading-Belt-VHDL-master/CONSTRAINT/Nexys-4-DDR-Master.xdc:19]
Resolution: If [get_<value>] was used to populate the object, check to make sure this command returns at least one valid object.
WARNING: [Vivado 12-584] No ports matched 'SW[7]'. [C:/Users/sed/Desktop/Loading-Belt-VHDL-master/CONSTRAINT/Nexys-4-DDR-Master.xdc:20]
CRITICAL WARNING: [Common 17-55] 'set_property' expects at least one object. [C:/Users/sed/Desktop/Loading-Belt-VHDL-master/CONSTRAINT/Nexys-4-DDR-Master.xdc:20]
Resolution: If [get_<value>] was used to populate the object, check to make sure this command returns at least one valid object.
WARNING: [Vivado 12-584] No ports matched 'SW[8]'. [C:/Users/sed/Desktop/Loading-Belt-VHDL-master/CONSTRAINT/Nexys-4-DDR-Master.xdc:21]
CRITICAL WARNING: [Common 17-55] 'set_property' expects at least one object. [C:/Users/sed/Desktop/Loading-Belt-VHDL-master/CONSTRAINT/Nexys-4-DDR-Master.xdc:21]
Resolution: If [get_<value>] was used to populate the object, check to make sure this command returns at least one valid object.
WARNING: [Vivado 12-584] No ports matched 'SW[9]'. [C:/Users/sed/Desktop/Loading-Belt-VHDL-master/CONSTRAINT/Nexys-4-DDR-Master.xdc:22]
CRITICAL WARNING: [Common 17-55] 'set_property' expects at least one object. [C:/Users/sed/Desktop/Loading-Belt-VHDL-master/CONSTRAINT/Nexys-4-DDR-Master.xdc:22]
Resolution: If [get_<value>] was used to populate the object, check to make sure this command returns at least one valid object.
WARNING: [Vivado 12-584] No ports matched 'SW[10]'. [C:/Users/sed/Desktop/Loading-Belt-VHDL-master/CONSTRAINT/Nexys-4-DDR-Master.xdc:23]
CRITICAL WARNING: [Common 17-55] 'set_property' expects at least one object. [C:/Users/sed/Desktop/Loading-Belt-VHDL-master/CONSTRAINT/Nexys-4-DDR-Master.xdc:23]
Resolution: If [get_<value>] was used to populate the object, check to make sure this command returns at least one valid object.
WARNING: [Vivado 12-584] No ports matched 'SW[11]'. [C:/Users/sed/Desktop/Loading-Belt-VHDL-master/CONSTRAINT/Nexys-4-DDR-Master.xdc:24]
CRITICAL WARNING: [Common 17-55] 'set_property' expects at least one object. [C:/Users/sed/Desktop/Loading-Belt-VHDL-master/CONSTRAINT/Nexys-4-DDR-Master.xdc:24]
Resolution: If [get_<value>] was used to populate the object, check to make sure this command returns at least one valid object.
WARNING: [Vivado 12-584] No ports matched 'SW[12]'. [C:/Users/sed/Desktop/Loading-Belt-VHDL-master/CONSTRAINT/Nexys-4-DDR-Master.xdc:25]
CRITICAL WARNING: [Common 17-55] 'set_property' expects at least one object. [C:/Users/sed/Desktop/Loading-Belt-VHDL-master/CONSTRAINT/Nexys-4-DDR-Master.xdc:25]
Resolution: If [get_<value>] was used to populate the object, check to make sure this command returns at least one valid object.
WARNING: [Vivado 12-584] No ports matched 'SW[13]'. [C:/Users/sed/Desktop/Loading-Belt-VHDL-master/CONSTRAINT/Nexys-4-DDR-Master.xdc:26]
CRITICAL WARNING: [Common 17-55] 'set_property' expects at least one object. [C:/Users/sed/Desktop/Loading-Belt-VHDL-master/CONSTRAINT/Nexys-4-DDR-Master.xdc:26]
Resolution: If [get_<value>] was used to populate the object, check to make sure this command returns at least one valid object.
WARNING: [Vivado 12-584] No ports matched 'SW[14]'. [C:/Users/sed/Desktop/Loading-Belt-VHDL-master/CONSTRAINT/Nexys-4-DDR-Master.xdc:27]
CRITICAL WARNING: [Common 17-55] 'set_property' expects at least one object. [C:/Users/sed/Desktop/Loading-Belt-VHDL-master/CONSTRAINT/Nexys-4-DDR-Master.xdc:27]
Resolution: If [get_<value>] was used to populate the object, check to make sure this command returns at least one valid object.
WARNING: [Vivado 12-584] No ports matched 'SW[15]'. [C:/Users/sed/Desktop/Loading-Belt-VHDL-master/CONSTRAINT/Nexys-4-DDR-Master.xdc:28]
CRITICAL WARNING: [Common 17-55] 'set_property' expects at least one object. [C:/Users/sed/Desktop/Loading-Belt-VHDL-master/CONSTRAINT/Nexys-4-DDR-Master.xdc:28]
Resolution: If [get_<value>] was used to populate the object, check to make sure this command returns at least one valid object.
WARNING: [Vivado 12-584] No ports matched 'LED[0]'. [C:/Users/sed/Desktop/Loading-Belt-VHDL-master/CONSTRAINT/Nexys-4-DDR-Master.xdc:33]
CRITICAL WARNING: [Common 17-55] 'set_property' expects at least one object. [C:/Users/sed/Desktop/Loading-Belt-VHDL-master/CONSTRAINT/Nexys-4-DDR-Master.xdc:33]
Resolution: If [get_<value>] was used to populate the object, check to make sure this command returns at least one valid object.
WARNING: [Vivado 12-584] No ports matched 'LED[1]'. [C:/Users/sed/Desktop/Loading-Belt-VHDL-master/CONSTRAINT/Nexys-4-DDR-Master.xdc:34]
CRITICAL WARNING: [Common 17-55] 'set_property' expects at least one object. [C:/Users/sed/Desktop/Loading-Belt-VHDL-master/CONSTRAINT/Nexys-4-DDR-Master.xdc:34]
Resolution: If [get_<value>] was used to populate the object, check to make sure this command returns at least one valid object.
WARNING: [Vivado 12-584] No ports matched 'LED[2]'. [C:/Users/sed/Desktop/Loading-Belt-VHDL-master/CONSTRAINT/Nexys-4-DDR-Master.xdc:35]
CRITICAL WARNING: [Common 17-55] 'set_property' expects at least one object. [C:/Users/sed/Desktop/Loading-Belt-VHDL-master/CONSTRAINT/Nexys-4-DDR-Master.xdc:35]
Resolution: If [get_<value>] was used to populate the object, check to make sure this command returns at least one valid object.
WARNING: [Vivado 12-584] No ports matched 'LED[3]'. [C:/Users/sed/Desktop/Loading-Belt-VHDL-master/CONSTRAINT/Nexys-4-DDR-Master.xdc:36]
CRITICAL WARNING: [Common 17-55] 'set_property' expects at least one object. [C:/Users/sed/Desktop/Loading-Belt-VHDL-master/CONSTRAINT/Nexys-4-DDR-Master.xdc:36]
Resolution: If [get_<value>] was used to populate the object, check to make sure this command returns at least one valid object.
WARNING: [Vivado 12-584] No ports matched 'LED[4]'. [C:/Users/sed/Desktop/Loading-Belt-VHDL-master/CONSTRAINT/Nexys-4-DDR-Master.xdc:37]
CRITICAL WARNING: [Common 17-55] 'set_property' expects at least one object. [C:/Users/sed/Desktop/Loading-Belt-VHDL-master/CONSTRAINT/Nexys-4-DDR-Master.xdc:37]
Resolution: If [get_<value>] was used to populate the object, check to make sure this command returns at least one valid object.
WARNING: [Vivado 12-584] No ports matched 'LED[5]'. [C:/Users/sed/Desktop/Loading-Belt-VHDL-master/CONSTRAINT/Nexys-4-DDR-Master.xdc:38]
CRITICAL WARNING: [Common 17-55] 'set_property' expects at least one object. [C:/Users/sed/Desktop/Loading-Belt-VHDL-master/CONSTRAINT/Nexys-4-DDR-Master.xdc:38]
Resolution: If [get_<value>] was used to populate the object, check to make sure this command returns at least one valid object.
WARNING: [Vivado 12-584] No ports matched 'LED[6]'. [C:/Users/sed/Desktop/Loading-Belt-VHDL-master/CONSTRAINT/Nexys-4-DDR-Master.xdc:39]
CRITICAL WARNING: [Common 17-55] 'set_property' expects at least one object. [C:/Users/sed/Desktop/Loading-Belt-VHDL-master/CONSTRAINT/Nexys-4-DDR-Master.xdc:39]
Resolution: If [get_<value>] was used to populate the object, check to make sure this command returns at least one valid object.
WARNING: [Vivado 12-584] No ports matched 'LED[7]'. [C:/Users/sed/Desktop/Loading-Belt-VHDL-master/CONSTRAINT/Nexys-4-DDR-Master.xdc:40]
CRITICAL WARNING: [Common 17-55] 'set_property' expects at least one object. [C:/Users/sed/Desktop/Loading-Belt-VHDL-master/CONSTRAINT/Nexys-4-DDR-Master.xdc:40]
Resolution: If [get_<value>] was used to populate the object, check to make sure this command returns at least one valid object.
WARNING: [Vivado 12-584] No ports matched 'LED[8]'. [C:/Users/sed/Desktop/Loading-Belt-VHDL-master/CONSTRAINT/Nexys-4-DDR-Master.xdc:41]
CRITICAL WARNING: [Common 17-55] 'set_property' expects at least one object. [C:/Users/sed/Desktop/Loading-Belt-VHDL-master/CONSTRAINT/Nexys-4-DDR-Master.xdc:41]
Resolution: If [get_<value>] was used to populate the object, check to make sure this command returns at least one valid object.
WARNING: [Vivado 12-584] No ports matched 'LED[9]'. [C:/Users/sed/Desktop/Loading-Belt-VHDL-master/CONSTRAINT/Nexys-4-DDR-Master.xdc:42]
CRITICAL WARNING: [Common 17-55] 'set_property' expects at least one object. [C:/Users/sed/Desktop/Loading-Belt-VHDL-master/CONSTRAINT/Nexys-4-DDR-Master.xdc:42]
Resolution: If [get_<value>] was used to populate the object, check to make sure this command returns at least one valid object.
WARNING: [Vivado 12-584] No ports matched 'LED[10]'. [C:/Users/sed/Desktop/Loading-Belt-VHDL-master/CONSTRAINT/Nexys-4-DDR-Master.xdc:43]
CRITICAL WARNING: [Common 17-55] 'set_property' expects at least one object. [C:/Users/sed/Desktop/Loading-Belt-VHDL-master/CONSTRAINT/Nexys-4-DDR-Master.xdc:43]
Resolution: If [get_<value>] was used to populate the object, check to make sure this command returns at least one valid object.
WARNING: [Vivado 12-584] No ports matched 'LED[11]'. [C:/Users/sed/Desktop/Loading-Belt-VHDL-master/CONSTRAINT/Nexys-4-DDR-Master.xdc:44]
CRITICAL WARNING: [Common 17-55] 'set_property' expects at least one object. [C:/Users/sed/Desktop/Loading-Belt-VHDL-master/CONSTRAINT/Nexys-4-DDR-Master.xdc:44]
Resolution: If [get_<value>] was used to populate the object, check to make sure this command returns at least one valid object.
WARNING: [Vivado 12-584] No ports matched 'LED[12]'. [C:/Users/sed/Desktop/Loading-Belt-VHDL-master/CONSTRAINT/Nexys-4-DDR-Master.xdc:45]
CRITICAL WARNING: [Common 17-55] 'set_property' expects at least one object. [C:/Users/sed/Desktop/Loading-Belt-VHDL-master/CONSTRAINT/Nexys-4-DDR-Master.xdc:45]
Resolution: If [get_<value>] was used to populate the object, check to make sure this command returns at least one valid object.
WARNING: [Vivado 12-584] No ports matched 'LED[13]'. [C:/Users/sed/Desktop/Loading-Belt-VHDL-master/CONSTRAINT/Nexys-4-DDR-Master.xdc:46]
CRITICAL WARNING: [Common 17-55] 'set_property' expects at least one object. [C:/Users/sed/Desktop/Loading-Belt-VHDL-master/CONSTRAINT/Nexys-4-DDR-Master.xdc:46]
Resolution: If [get_<value>] was used to populate the object, check to make sure this command returns at least one valid object.
WARNING: [Vivado 12-584] No ports matched 'LED[14]'. [C:/Users/sed/Desktop/Loading-Belt-VHDL-master/CONSTRAINT/Nexys-4-DDR-Master.xdc:47]
CRITICAL WARNING: [Common 17-55] 'set_property' expects at least one object. [C:/Users/sed/Desktop/Loading-Belt-VHDL-master/CONSTRAINT/Nexys-4-DDR-Master.xdc:47]
Resolution: If [get_<value>] was used to populate the object, check to make sure this command returns at least one valid object.
WARNING: [Vivado 12-584] No ports matched 'LED[15]'. [C:/Users/sed/Desktop/Loading-Belt-VHDL-master/CONSTRAINT/Nexys-4-DDR-Master.xdc:48]
CRITICAL WARNING: [Common 17-55] 'set_property' expects at least one object. [C:/Users/sed/Desktop/Loading-Belt-VHDL-master/CONSTRAINT/Nexys-4-DDR-Master.xdc:48]
Resolution: If [get_<value>] was used to populate the object, check to make sure this command returns at least one valid object.
WARNING: [Vivado 12-584] No ports matched 'BTNU'. [C:/Users/sed/Desktop/Loading-Belt-VHDL-master/CONSTRAINT/Nexys-4-DDR-Master.xdc:85]
CRITICAL WARNING: [Common 17-55] 'set_property' expects at least one object. [C:/Users/sed/Desktop/Loading-Belt-VHDL-master/CONSTRAINT/Nexys-4-DDR-Master.xdc:85]
Resolution: If [get_<value>] was used to populate the object, check to make sure this command returns at least one valid object.
Finished Parsing XDC File [C:/Users/sed/Desktop/Loading-Belt-VHDL-master/CONSTRAINT/Nexys-4-DDR-Master.xdc]
Completed Processing XDC Constraints

INFO: [Opt 31-138] Pushed 0 inverter(s) to 0 load pin(s).
refresh_design: Time (s): cpu = 00:00:11 ; elapsed = 00:00:08 . Memory (MB): peak = 1417.020 ; gain = 104.844
close_sim
INFO: [Simtcl 6-16] Simulation closed
close_sim: Time (s): cpu = 00:00:01 ; elapsed = 00:00:06 . Memory (MB): peak = 1417.020 ; gain = 0.000
exit
INFO: [Common 17-206] Exiting Vivado at Thu Jan 17 13:05:48 2019...
