Copyright 1986-2018 Xilinx, Inc. All Rights Reserved.
------------------------------------------------------------------------------------
| Tool Version : Vivado v.2018.2 (win64) Build 2258646 Thu Jun 14 20:03:12 MDT 2018
| Date         : Fri Jan 18 19:18:09 2019
| Host         : LAPTOP-JTBVS0F0 running 64-bit major release  (build 9200)
| Command      : report_control_sets -verbose -file manager_control_sets_placed.rpt
| Design       : manager
| Device       : xc7a100t
------------------------------------------------------------------------------------

Control Set Information

Table of Contents
-----------------
1. Summary
2. Histogram
3. Flip-Flop Distribution
4. Detailed Control Set Information

1. Summary
----------

+----------------------------------------------------------+-------+
|                          Status                          | Count |
+----------------------------------------------------------+-------+
| Number of unique control sets                            |    12 |
| Unused register locations in slices containing registers |    64 |
+----------------------------------------------------------+-------+


2. Histogram
------------

+--------+--------------+
| Fanout | Control Sets |
+--------+--------------+
|      2 |            9 |
|    16+ |            3 |
+--------+--------------+


3. Flip-Flop Distribution
-------------------------

+--------------+-----------------------+------------------------+-----------------+--------------+
| Clock Enable | Synchronous Set/Reset | Asynchronous Set/Reset | Total Registers | Total Slices |
+--------------+-----------------------+------------------------+-----------------+--------------+
| No           | No                    | No                     |              40 |            8 |
| No           | No                    | Yes                    |              44 |           10 |
| No           | Yes                   | No                     |               6 |            3 |
| Yes          | No                    | No                     |               0 |            0 |
| Yes          | No                    | Yes                    |               6 |            3 |
| Yes          | Yes                   | No                     |               0 |            0 |
+--------------+-----------------------+------------------------+-----------------+--------------+


4. Detailed Control Set Information
-----------------------------------

+-----------------------------------------------+----------------------------------------+----------------------------------------------+------------------+----------------+
|                  Clock Signal                 |              Enable Signal             |               Set/Reset Signal               | Slice Load Count | Bel Load Count |
+-----------------------------------------------+----------------------------------------+----------------------------------------------+------------------+----------------+
|  start_IBUF_BUFG                              |                                        | loadingBelt_map/nextstate_reg[1]_LDC_i_2_n_0 |                1 |              2 |
|  start_IBUF_BUFG                              | loadingBelt_map/nextstate[2]_P_i_1_n_0 | loadingBelt_map/nextstate_reg[0]_LDC_i_1_n_0 |                1 |              2 |
|  start_IBUF_BUFG                              | loadingBelt_map/nextstate[2]_P_i_1_n_0 | loadingBelt_map/nextstate_reg[1]_LDC_i_1_n_0 |                1 |              2 |
|  start_IBUF_BUFG                              | loadingBelt_map/nextstate[2]_P_i_1_n_0 | loadingBelt_map/nextstate_reg[2]_LDC_i_1_n_0 |                1 |              2 |
|  loadingBelt_map/cinta_reg_i_2_n_0            |                                        |                                              |                1 |              2 |
|  loadingBelt_map/LED_reg_i_1_n_0              |                                        |                                              |                1 |              2 |
|  loadingBelt_map/nextstate_reg[0]_LDC_i_1_n_0 |                                        | loadingBelt_map/nextstate_reg[0]_LDC_i_2_n_0 |                1 |              2 |
|  loadingBelt_map/nextstate_reg[1]_LDC_i_1_n_0 |                                        | loadingBelt_map/nextstate_reg[1]_LDC_i_2_n_0 |                1 |              2 |
|  loadingBelt_map/nextstate_reg[2]_LDC_i_1_n_0 |                                        | loadingBelt_map/nextstate_reg[2]_LDC_i_2_n_0 |                1 |              2 |
|  clk_div_map/CLK                              |                                        | reset_IBUF                                   |                4 |             20 |
|  clk0_IBUF_BUFG                               |                                        | reset_IBUF                                   |                5 |             22 |
|  clk0_IBUF_BUFG                               |                                        |                                              |                6 |             36 |
+-----------------------------------------------+----------------------------------------+----------------------------------------------+------------------+----------------+


