#-----------------------------------------------------------
# Vivado v2018.2 (64-bit)
# SW Build 2258646 on Thu Jun 14 20:03:12 MDT 2018
# IP Build 2256618 on Thu Jun 14 22:10:49 MDT 2018
# Start of session at: Wed Dec 12 10:18:57 2018
# Process ID: 13720
# Current directory: D:/Usuario/Documents/GitHub/Loading-Belt-VHDL/loading_belt
# Command line: vivado.exe -gui_launcher_event rodinguilauncherevent5648 D:\Usuario\Documents\GitHub\Loading-Belt-VHDL\loading_belt\loading_belt.xpr
# Log file: D:/Usuario/Documents/GitHub/Loading-Belt-VHDL/loading_belt/vivado.log
# Journal file: D:/Usuario/Documents/GitHub/Loading-Belt-VHDL/loading_belt\vivado.jou
#-----------------------------------------------------------
start_gui
open_project D:/Usuario/Documents/GitHub/Loading-Belt-VHDL/loading_belt/loading_belt.xpr
INFO: [Project 1-313] Project file moved from 'C:/Users/user/Documents/GitHub/Loading-Belt-VHDL/loading_belt' since last save.
CRITICAL WARNING: [Project 1-311] Could not find the file 'D:/Usuario/Desktop/Universidad/9º Cuatrimestre/Sistemas Electrónicos Digitales/VHDL/digilent-xdc-master/Nexys-4-DDR-Master.xdc', nor could it be found using path 'C:/Users/user/Desktop/Universidad/9º Cuatrimestre/Sistemas Electrónicos Digitales/VHDL/digilent-xdc-master/Nexys-4-DDR-Master.xdc'.
Scanning sources...
Finished scanning sources
WARNING: [filemgmt 56-2] IPUserFilesDir: Could not find the directory 'D:/Usuario/Documents/GitHub/Loading-Belt-VHDL/loading_belt/loading_belt.ip_user_files', nor could it be found using path 'C:/Users/user/Documents/GitHub/Loading-Belt-VHDL/loading_belt/loading_belt.ip_user_files'.
INFO: [IP_Flow 19-234] Refreshing IP repositories
INFO: [IP_Flow 19-1704] No user IP repositories specified
INFO: [IP_Flow 19-2313] Loaded Vivado IP repository 'C:/Xilinx/Vivado/2018.2/data/ip'.
open_project: Time (s): cpu = 00:00:13 ; elapsed = 00:00:07 . Memory (MB): peak = 867.273 ; gain = 105.137
update_compile_order -fileset sources_1
export_ip_user_files -of_objects  [get_files {{D:/Usuario/Desktop/Universidad/9º Cuatrimestre/Sistemas Electrónicos Digitales/VHDL/digilent-xdc-master/Nexys-4-DDR-Master.xdc}}] -no_script -reset -force -quiet
remove_files  -fileset constrs_1 {{D:/Usuario/Desktop/Universidad/9º Cuatrimestre/Sistemas Electrónicos Digitales/VHDL/digilent-xdc-master/Nexys-4-DDR-Master.xdc}}
add_files -fileset constrs_1 -norecurse D:/Usuario/Documents/digilent-xdc-master/digilent-xdc-master/Nexys-4-DDR-Master.xdc
update_compile_order -fileset sources_1
exit
INFO: [Common 17-206] Exiting Vivado at Wed Dec 12 10:35:37 2018...
